2024-05-11 23:06:33 - [main.c:282] Found config * for output WL-1 ((null))
[2024-05-11 23:06:33.201] [info] Using configuration file /home/e18m/.config/waybar/config
[2024-05-11 23:06:33.204] [info] Unable to receive desktop appearance: GDBus.Error:org.freedesktop.DBus.Error.UnknownMethod: No such interface “org.freedesktop.portal.Settings” on object at path /org/freedesktop/portal/desktop
[2024-05-11 23:06:33.204] [info] Using CSS file /home/e18m/.config/waybar/style.css
basic_string::_M_create
[2024-05-11 23:06:33.209] [warning] Mapping is not an object
[2024-05-11 23:06:33.211] [warning] persistent_workspaces is deprecated. Please change config to use persistent-workspaces.
[2024-05-11 23:06:33.214] [warning] No batteries.
[2024-05-11 23:06:33.229] [info] Bar configured (width: 628, height: 26) for output: WL-1
[
  {
    "success": true
  }
]
[
  {
    "success": true
  }
]
[2024-05-11 23:07:17.625] [error] Mode: Unable to receive IPC header
[2024-05-11 23:07:17.625] [error] Mode: Unable to receive IPC header
[2024-05-11 23:07:17.625] [error] Mode: Unable to receive IPC header
[2024-05-11 23:07:17.625] [error] Mode: Unable to receive IPC header
[2024-05-11 23:07:17.625] [error] Mode: Unable to receive IPC header
[2024-05-11 23:07:17.625] [error] Mode: Unable to receive IPC header
[2024-05-11 23:07:17.625] [error] Mode: Unable to receive IPC header
[2024-05-11 23:07:17.625] [error] Mode: Unable to receive IPC header
[2024-05-11 23:07:17.625] [error] Mode: Unable to receive IPC header
[2024-05-11 23:07:17.625] [error] Mode: Unable to receive IPC header
[2024-05-11 23:07:17.625] [error] Mode: Unable to receive IPC header
[2024-05-11 23:07:17.625] [error] Mode: Unable to receive IPC header
[2024-05-11 23:07:17.625] [error] Mode: Unable to receive IPC header
[2024-05-11 23:07:17.625] [error] Mode: Unable to receive IPC header
[2024-05-11 23:07:17.625] [error] Mode: Unable to receive IPC header
[2024-05-11 23:07:17.625] [error] Mode: Unable to receive IPC header
[2024-05-11 23:07:17.625] [error] Mode: Unable to receive IPC header
[2024-05-11 23:07:17.625] [error] Mode: Unable to receive IPC header
[2024-05-11 23:07:17.625] [error] Mode: Unable to receive IPC header
[2024-05-11 23:07:17.625] [error] Mode: Unable to receive IPC header
[2024-05-11 23:07:17.625] [error] Mode: Unable to receive IPC header
[2024-05-11 23:07:17.625] [error] Mode: Unable to receive IPC header
[2024-05-11 23:07:17.625] [error] Mode: Unable to receive IPC header
[2024-05-11 23:07:17.625] [error] Mode: Unable to receive IPC header
[2024-05-11 23:07:17.625] [error] Mode: Unable to receive IPC header
[2024-05-11 23:07:17.625] [error] Mode: Unable to receive IPC header
[2024-05-11 23:07:17.625] [error] Mode: Unable to receive IPC header
[2024-05-11 23:07:17.625] [error] Mode: Unable to receive IPC header
[2024-05-11 23:07:17.625] [error] Mode: Unable to receive IPC header
[2024-05-11 23:07:17.625] [error] Mode: Unable to receive IPC header
[2024-05-11 23:07:17.625] [error] Mode: Unable to receive IPC header
[2024-05-11 23:07:17.625] [error] Mode: Unable to receive IPC header
[2024-05-11 23:07:17.625] [error] Mode: Unable to receive IPC header
[2024-05-11 23:07:17.625] [error] Mode: Unable to receive IPC header
[2024-05-11 23:07:17.625] [error] Mode: Unable to receive IPC header
[2024-05-11 23:07:17.625] [error] Mode: Unable to receive IPC header
[2024-05-11 23:07:17.625] [error] Mode: Unable to receive IPC header
[2024-05-11 23:07:17.625] [error] Mode: Unable to receive IPC header
[2024-05-11 23:07:17.626] [error] Mode: Unable to receive IPC header
[2024-05-11 23:07:17.626] [error] Mode: Unable to receive IPC header
[2024-05-11 23:07:17.626] [error] Mode: Unable to receive IPC header
[2024-05-11 23:07:17.626] [error] Mode: Unable to receive IPC header
[2024-05-11 23:07:17.626] [error] Mode: Unable to receive IPC header
[2024-05-11 23:07:17.626] [error] Mode: Unable to receive IPC header
[2024-05-11 23:07:17.626] [error] Mode: Unable to receive IPC header
[2024-05-11 23:07:17.626] [error] Mode: Unable to receive IPC header
[2024-05-11 23:07:17.626] [error] Mode: Unable to receive IPC header
[2024-05-11 23:07:17.626] [error] Mode: Unable to receive IPC header
[2024-05-11 23:07:17.626] [error] Mode: Unable to receive IPC header
[2024-05-11 23:07:17.626] [error] Mode: Unable to receive IPC header
[2024-05-11 23:07:17.626] [error] Mode: Unable to receive IPC header
[2024-05-11 23:07:17.626] [error] Mode: Unable to receive IPC header
[2024-05-11 23:07:17.626] [error] Mode: Unable to receive IPC header
[2024-05-11 23:07:17.626] [error] Mode: Unable to receive IPC header
[2024-05-11 23:07:17.626] [error] Mode: Unable to receive IPC header
[2024-05-11 23:07:17.626] [error] Mode: Unable to receive IPC header
[2024-05-11 23:07:17.626] [error] Mode: Unable to receive IPC header
[2024-05-11 23:07:17.626] [error] Mode: Unable to receive IPC header
[2024-05-11 23:07:17.626] [error] Mode: Unable to receive IPC header
[2024-05-11 23:07:17.626] [error] Mode: Unable to receive IPC header
[2024-05-11 23:07:17.626] [error] Mode: Unable to receive IPC header
[2024-05-11 23:07:17.626] [error] Mode: Unable to receive IPC header
[2024-05-11 23:07:17.626] [error] Mode: Unable to receive IPC header
[2024-05-11 23:07:17.626] [error] Mode: Unable to receive IPC header
[2024-05-11 23:07:17.626] [error] Mode: Unable to receive IPC header
[2024-05-11 23:07:17.626] [error] Mode: Unable to receive IPC header
[2024-05-11 23:07:17.626] [error] Mode: Unable to receive IPC header
[2024-05-11 23:07:17.626] [error] Mode: Unable to receive IPC header
[2024-05-11 23:07:17.626] [error] Mode: Unable to receive IPC header
[2024-05-11 23:07:17.626] [error] Mode: Unable to receive IPC header
[2024-05-11 23:07:17.626] [error] Mode: Unable to receive IPC header
[2024-05-11 23:07:17.626] [error] Mode: Unable to receive IPC header
[2024-05-11 23:07:17.626] [error] Mode: Unable to receive IPC header
[2024-05-11 23:07:17.626] [error] Mode: Unable to receive IPC header
[2024-05-11 23:07:17.626] [error] Mode: Unable to receive IPC header
[2024-05-11 23:07:17.626] [error] Mode: Unable to receive IPC header
[2024-05-11 23:07:17.626] [error] Mode: Unable to receive IPC header
[2024-05-11 23:07:17.626] [error] Mode: Unable to receive IPC header
[2024-05-11 23:07:17.626] [error] Mode: Unable to receive IPC header
[2024-05-11 23:07:17.626] [error] Mode: Unable to receive IPC header
[2024-05-11 23:07:17.626] [error] Mode: Unable to receive IPC header
[2024-05-11 23:07:17.626] [error] Mode: Unable to receive IPC header
[2024-05-11 23:07:17.626] [error] Mode: Unable to receive IPC header
[2024-05-11 23:07:17.626] [error] Mode: Unable to receive IPC header
[2024-05-11 23:07:17.626] [error] Mode: Unable to receive IPC header
[2024-05-11 23:07:17.626] [error] Mode: Unable to receive IPC header
[2024-05-11 23:07:17.626] [error] Mode: Unable to receive IPC header
[2024-05-11 23:07:17.626] [error] Mode: Unable to receive IPC header
[2024-05-11 23:07:17.626] [error] Mode: Unable to receive IPC header
[2024-05-11 23:07:17.626] [error] Mode: Unable to receive IPC header
[2024-05-11 23:07:17.626] [error] Mode: Unable to receive IPC header
[2024-05-11 23:07:17.626] [error] Mode: Unable to receive IPC header
[2024-05-11 23:07:17.626] [error] Mode: Unable to receive IPC header
[2024-05-11 23:07:17.626] [error] Mode: Unable to receive IPC header
[2024-05-11 23:07:17.626] [error] Mode: Unable to receive IPC header
[2024-05-11 23:07:17.626] [error] Mode: Unable to receive IPC header
[2024-05-11 23:07:17.626] [error] Mode: Unable to receive IPC header
[2024-05-11 23:07:17.626] [error] Mode: Unable to receive IPC header
[2024-05-11 23:07:17.626] [error] Mode: Unable to receive IPC header
[2024-05-11 23:07:17.626] [error] Mode: Unable to receive IPC header
[2024-05-11 23:07:17.626] [error] Mode: Unable to receive IPC header
[2024-05-11 23:07:17.626] [error] Mode: Unable to receive IPC header
[2024-05-11 23:07:17.626] [error] Mode: Unable to receive IPC header
[2024-05-11 23:07:17.626] [error] Mode: Unable to receive IPC header
[2024-05-11 23:07:17.626] [error] Mode: Unable to receive IPC header
[2024-05-11 23:07:17.626] [error] Mode: Unable to receive IPC header
[2024-05-11 23:07:17.626] [error] Mode: Unable to receive IPC header
[2024-05-11 23:07:17.626] [error] Mode: Unable to receive IPC header
[2024-05-11 23:07:17.626] [error] Mode: Unable to receive IPC header
[2024-05-11 23:07:17.626] [error] Mode: Unable to receive IPC header
[2024-05-11 23:07:17.626] [error] Mode: Unable to receive IPC header
[2024-05-11 23:07:17.626] [error] Mode: Unable to receive IPC header
[2024-05-11 23:07:17.626] [error] Mode: Unable to receive IPC header
[2024-05-11 23:07:17.626] [error] Mode: Unable to receive IPC header
[2024-05-11 23:07:17.626] [error] Mode: Unable to receive IPC header
[2024-05-11 23:07:17.626] [error] Mode: Unable to receive IPC header
[2024-05-11 23:07:17.626] [error] Mode: Unable to receive IPC header
[2024-05-11 23:07:17.626] [error] Mode: Unable to receive IPC header
[2024-05-11 23:07:17.626] [error] Mode: Unable to receive IPC header
[2024-05-11 23:07:17.626] [error] Mode: Unable to receive IPC header
[2024-05-11 23:07:17.626] [error] Mode: Unable to receive IPC header
[2024-05-11 23:07:17.626] [error] Mode: Unable to receive IPC header
[2024-05-11 23:07:17.626] [error] Mode: Unable to receive IPC header
[2024-05-11 23:07:17.626] [error] Mode: Unable to receive IPC header
[2024-05-11 23:07:17.626] [error] Mode: Unable to receive IPC header
[2024-05-11 23:07:17.626] [error] Mode: Unable to receive IPC header
[2024-05-11 23:07:17.626] [error] Mode: Unable to receive IPC header
[2024-05-11 23:07:17.626] [error] Mode: Unable to receive IPC header
[2024-05-11 23:07:17.626] [error] Mode: Unable to receive IPC header
[2024-05-11 23:07:17.626] [error] Mode: Unable to receive IPC header
[2024-05-11 23:07:17.626] [error] Mode: Unable to receive IPC header
[2024-05-11 23:07:17.626] [error] Mode: Unable to receive IPC header
[2024-05-11 23:07:17.626] [error] Mode: Unable to receive IPC header
[2024-05-11 23:07:17.626] [error] Mode: Unable to receive IPC header
[2024-05-11 23:07:17.626] [error] Mode: Unable to receive IPC header
[2024-05-11 23:07:17.626] [error] Mode: Unable to receive IPC header
[2024-05-11 23:07:17.626] [error] Mode: Unable to receive IPC header
[2024-05-11 23:07:17.626] [error] Mode: Unable to receive IPC header
[2024-05-11 23:07:17.626] [error] Mode: Unable to receive IPC header
[2024-05-11 23:07:17.626] [error] Mode: Unable to receive IPC header
[2024-05-11 23:07:17.626] [error] Mode: Unable to receive IPC header
[2024-05-11 23:07:17.626] [error] Mode: Unable to receive IPC header
[2024-05-11 23:07:17.626] [error] Mode: Unable to receive IPC header
[2024-05-11 23:07:17.626] [error] Mode: Unable to receive IPC header
[2024-05-11 23:07:17.626] [error] Mode: Unable to receive IPC header
[2024-05-11 23:07:17.626] [error] Mode: Unable to receive IPC header
[2024-05-11 23:07:17.626] [error] Mode: Unable to receive IPC header
[2024-05-11 23:07:17.626] [error] Mode: Unable to receive IPC header
[2024-05-11 23:07:17.626] [error] Mode: Unable to receive IPC header
[2024-05-11 23:07:17.626] [error] Mode: Unable to receive IPC header
[2024-05-11 23:07:17.626] [error] Mode: Unable to receive IPC header
[2024-05-11 23:07:17.626] [error] Mode: Unable to receive IPC header
[2024-05-11 23:07:17.626] [error] Mode: Unable to receive IPC header
[2024-05-11 23:07:17.626] [error] Mode: Unable to receive IPC header
[2024-05-11 23:07:17.626] [error] Mode: Unable to receive IPC header
[2024-05-11 23:07:17.626] [error] Mode: Unable to receive IPC header
[2024-05-11 23:07:17.626] [error] Mode: Unable to receive IPC header
[2024-05-11 23:07:17.626] [error] Mode: Unable to receive IPC header
[2024-05-11 23:07:17.626] [error] Mode: Unable to receive IPC header
[2024-05-11 23:07:17.626] [error] Mode: Unable to receive IPC header
[2024-05-11 23:07:17.626] [error] Mode: Unable to receive IPC header
[2024-05-11 23:07:17.626] [error] Mode: Unable to receive IPC header
[2024-05-11 23:07:17.626] [error] Mode: Unable to receive IPC header
[2024-05-11 23:07:17.626] [error] Mode: Unable to receive IPC header
[2024-05-11 23:07:17.626] [error] Mode: Unable to receive IPC header
[2024-05-11 23:07:17.626] [error] Mode: Unable to receive IPC header
[2024-05-11 23:07:17.626] [error] Mode: Unable to receive IPC header
[2024-05-11 23:07:17.626] [error] Mode: Unable to receive IPC header
[2024-05-11 23:07:17.626] [error] Mode: Unable to receive IPC header
[2024-05-11 23:07:17.626] [error] Mode: Unable to receive IPC header
[2024-05-11 23:07:17.626] [error] Mode: Unable to receive IPC header
[2024-05-11 23:07:17.626] [error] Mode: Unable to receive IPC header
[2024-05-11 23:07:17.626] [error] Mode: Unable to receive IPC header
[2024-05-11 23:07:17.626] [error] Mode: Unable to receive IPC header
[2024-05-11 23:07:17.626] [error] Mode: Unable to receive IPC header
[2024-05-11 23:07:17.626] [error] Mode: Unable to receive IPC header
[2024-05-11 23:07:17.626] [error] Mode: Unable to receive IPC header
[2024-05-11 23:07:17.626] [error] Mode: Unable to receive IPC header
[2024-05-11 23:07:17.626] [error] Mode: Unable to receive IPC header
[2024-05-11 23:07:17.626] [error] Mode: Unable to receive IPC header
[2024-05-11 23:07:17.626] [error] Mode: Unable to receive IPC header
[2024-05-11 23:07:17.626] [error] Mode: Unable to receive IPC header
[2024-05-11 23:07:17.626] [error] Mode: Unable to receive IPC header
[2024-05-11 23:07:17.626] [error] Mode: Unable to receive IPC header
[2024-05-11 23:07:17.626] [error] Mode: Unable to receive IPC header
[2024-05-11 23:07:17.626] [error] Mode: Unable to receive IPC header
[2024-05-11 23:07:17.626] [error] Mode: Unable to receive IPC header
[2024-05-11 23:07:17.626] [error] Mode: Unable to receive IPC header
[2024-05-11 23:07:17.626] [error] Mode: Unable to receive IPC header
[2024-05-11 23:07:17.626] [error] Mode: Unable to receive IPC header
[2024-05-11 23:07:17.626] [error] Mode: Unable to receive IPC header
[2024-05-11 23:07:17.626] [error] Mode: Unable to receive IPC header
[2024-05-11 23:07:17.626] [error] Mode: Unable to receive IPC header
[2024-05-11 23:07:17.626] [error] Mode: Unable to receive IPC header
[2024-05-11 23:07:17.626] [error] Mode: Unable to receive IPC header
[2024-05-11 23:07:17.626] [error] Mode: Unable to receive IPC header
[2024-05-11 23:07:17.626] [error] Mode: Unable to receive IPC header
[2024-05-11 23:07:17.626] [error] Mode: Unable to receive IPC header
[2024-05-11 23:07:17.626] [error] Mode: Unable to receive IPC header
[2024-05-11 23:07:17.626] [error] Mode: Unable to receive IPC header
[2024-05-11 23:07:17.626] [error] Mode: Unable to receive IPC header
[2024-05-11 23:07:17.626] [error] Mode: Unable to receive IPC header
[2024-05-11 23:07:17.626] [error] Mode: Unable to receive IPC header
[2024-05-11 23:07:17.626] [error] Mode: Unable to receive IPC header
[2024-05-11 23:07:17.626] [error] Mode: Unable to receive IPC header
[2024-05-11 23:07:17.626] [error] Mode: Unable to receive IPC header
[2024-05-11 23:07:17.626] [error] Mode: Unable to receive IPC header
[2024-05-11 23:07:17.626] [error] Mode: Unable to receive IPC header
[2024-05-11 23:07:17.626] [error] Mode: Unable to receive IPC header
[2024-05-11 23:07:17.626] [error] Mode: Unable to receive IPC header
[2024-05-11 23:07:17.626] [error] Mode: Unable to receive IPC header
[2024-05-11 23:07:17.626] [error] Mode: Unable to receive IPC header
[2024-05-11 23:07:17.626] [error] Mode: Unable to receive IPC header
[2024-05-11 23:07:17.626] [error] Mode: Unable to receive IPC header
[2024-05-11 23:07:17.626] [error] Mode: Unable to receive IPC header
[2024-05-11 23:07:17.626] [error] Mode: Unable to receive IPC header
[2024-05-11 23:07:17.626] [error] Mode: Unable to receive IPC header
[2024-05-11 23:07:17.626] [error] Mode: Unable to receive IPC header
[2024-05-11 23:07:17.626] [error] Mode: Unable to receive IPC header
[2024-05-11 23:07:17.626] [error] Mode: Unable to receive IPC header
[2024-05-11 23:07:17.626] [error] Mode: Unable to receive IPC header
[2024-05-11 23:07:17.626] [error] Mode: Unable to receive IPC header
[2024-05-11 23:07:17.626] [error] Mode: Unable to receive IPC header
[2024-05-11 23:07:17.626] [error] Mode: Unable to receive IPC header
[2024-05-11 23:07:17.626] [error] Mode: Unable to receive IPC header
[2024-05-11 23:07:17.626] [error] Mode: Unable to receive IPC header
[2024-05-11 23:07:17.626] [error] Mode: Unable to receive IPC header
[2024-05-11 23:07:17.626] [error] Mode: Unable to receive IPC header
[2024-05-11 23:07:17.626] [error] Mode: Unable to receive IPC header
[2024-05-11 23:07:17.626] [error] Mode: Unable to receive IPC header
[2024-05-11 23:07:17.626] [error] Mode: Unable to receive IPC header
[2024-05-11 23:07:17.626] [error] Mode: Unable to receive IPC header
[2024-05-11 23:07:17.626] [error] Mode: Unable to receive IPC header
[2024-05-11 23:07:17.626] [error] Mode: Unable to receive IPC header
[2024-05-11 23:07:17.626] [error] Mode: Unable to receive IPC header
[2024-05-11 23:07:17.626] [error] Mode: Unable to receive IPC header
[2024-05-11 23:07:17.626] [error] Mode: Unable to receive IPC header
[2024-05-11 23:07:17.626] [error] Mode: Unable to receive IPC header
[2024-05-11 23:07:17.626] [error] Mode: Unable to receive IPC header
[2024-05-11 23:07:17.626] [error] Mode: Unable to receive IPC header
[2024-05-11 23:07:17.626] [error] Mode: Unable to receive IPC header
[2024-05-11 23:07:17.626] [error] Mode: Unable to receive IPC header
[2024-05-11 23:07:17.626] [error] Mode: Unable to receive IPC header
[2024-05-11 23:07:17.626] [error] Mode: Unable to receive IPC header
[2024-05-11 23:07:17.626] [error] Mode: Unable to receive IPC header
[2024-05-11 23:07:17.626] [error] Mode: Unable to receive IPC header
[2024-05-11 23:07:17.626] [error] Mode: Unable to receive IPC header
[2024-05-11 23:07:17.626] [error] Mode: Unable to receive IPC header
[2024-05-11 23:07:17.626] [error] Mode: Unable to receive IPC header
[2024-05-11 23:07:17.626] [error] Mode: Unable to receive IPC header
[2024-05-11 23:07:17.626] [error] Mode: Unable to receive IPC header
[2024-05-11 23:07:17.626] [error] Mode: Unable to receive IPC header
[2024-05-11 23:07:17.626] [error] Mode: Unable to receive IPC header
[2024-05-11 23:07:17.626] [error] Mode: Unable to receive IPC header
[2024-05-11 23:07:17.626] [error] Mode: Unable to receive IPC header
[2024-05-11 23:07:17.626] [error] Mode: Unable to receive IPC header
[2024-05-11 23:07:17.626] [error] Mode: Unable to receive IPC header
[2024-05-11 23:07:17.626] [error] Mode: Unable to receive IPC header
[2024-05-11 23:07:17.626] [error] Mode: Unable to receive IPC header
[2024-05-11 23:07:17.626] [error] Mode: Unable to receive IPC header
[2024-05-11 23:07:17.626] [error] Mode: Unable to receive IPC header
[2024-05-11 23:07:17.626] [error] Mode: Unable to receive IPC header
[2024-05-11 23:07:17.626] [error] Mode: Unable to receive IPC header
[2024-05-11 23:07:17.626] [error] Mode: Unable to receive IPC header
[2024-05-11 23:07:17.626] [error] Mode: Unable to receive IPC header
[2024-05-11 23:07:17.626] [error] Mode: Unable to receive IPC header
[2024-05-11 23:07:17.626] [error] Mode: Unable to receive IPC header
[2024-05-11 23:07:17.626] [error] Mode: Unable to receive IPC header
[2024-05-11 23:07:17.626] [error] Mode: Unable to receive IPC header
[2024-05-11 23:07:17.626] [error] Mode: Unable to receive IPC header
[2024-05-11 23:07:17.626] [error] Mode: Unable to receive IPC header
[2024-05-11 23:07:17.626] [error] Mode: Unable to receive IPC header
[2024-05-11 23:07:17.626] [error] Mode: Unable to receive IPC header
[2024-05-11 23:07:17.626] [error] Mode: Unable to receive IPC header
[2024-05-11 23:07:17.626] [error] Mode: Unable to receive IPC header
[2024-05-11 23:07:17.626] [error] Mode: Unable to receive IPC header
[2024-05-11 23:07:17.626] [error] Mode: Unable to receive IPC header
[2024-05-11 23:07:17.626] [error] Mode: Unable to receive IPC header
[2024-05-11 23:07:17.626] [error] Mode: Unable to receive IPC header
[2024-05-11 23:07:17.626] [error] Mode: Unable to receive IPC header
[2024-05-11 23:07:17.626] [error] Mode: Unable to receive IPC header
[2024-05-11 23:07:17.626] [error] Mode: Unable to receive IPC header
[2024-05-11 23:07:17.626] [error] Mode: Unable to receive IPC header
[2024-05-11 23:07:17.626] [error] Mode: Unable to receive IPC header
[2024-05-11 23:07:17.626] [error] Mode: Unable to receive IPC header
[2024-05-11 23:07:17.626] [error] Mode: Unable to receive IPC header
[2024-05-11 23:07:17.626] [error] Mode: Unable to receive IPC header
[2024-05-11 23:07:17.626] [error] Mode: Unable to receive IPC header
[2024-05-11 23:07:17.626] [error] Mode: Unable to receive IPC header
[2024-05-11 23:07:17.626] [error] Mode: Unable to receive IPC header
[2024-05-11 23:07:17.626] [error] Mode: Unable to receive IPC header
[2024-05-11 23:07:17.626] [error] Mode: Unable to receive IPC header
[2024-05-11 23:07:17.626] [error] Mode: Unable to receive IPC header
[2024-05-11 23:07:17.626] [error] Mode: Unable to receive IPC header
[2024-05-11 23:07:17.626] [error] Mode: Unable to receive IPC header
[2024-05-11 23:07:17.626] [error] Mode: Unable to receive IPC header
[2024-05-11 23:07:17.626] [error] Mode: Unable to receive IPC header
[2024-05-11 23:07:17.626] [error] Mode: Unable to receive IPC header
[2024-05-11 23:07:17.626] [error] Mode: Unable to receive IPC header
[2024-05-11 23:07:17.626] [error] Mode: Unable to receive IPC header
[2024-05-11 23:07:17.626] [error] Mode: Unable to receive IPC header
[2024-05-11 23:07:17.626] [error] Mode: Unable to receive IPC header
[2024-05-11 23:07:17.626] [error] Mode: Unable to receive IPC header
[2024-05-11 23:07:17.626] [error] Mode: Unable to receive IPC header
[2024-05-11 23:07:17.626] [error] Mode: Unable to receive IPC header
[2024-05-11 23:07:17.626] [error] Mode: Unable to receive IPC header
[2024-05-11 23:07:17.626] [error] Mode: Unable to receive IPC header
[2024-05-11 23:07:17.626] [error] Mode: Unable to receive IPC header
[2024-05-11 23:07:17.626] [error] Mode: Unable to receive IPC header
[2024-05-11 23:07:17.626] [error] Mode: Unable to receive IPC header
[2024-05-11 23:07:17.626] [error] Mode: Unable to receive IPC header
[2024-05-11 23:07:17.626] [error] Mode: Unable to receive IPC header
[2024-05-11 23:07:17.626] [error] Mode: Unable to receive IPC header
[2024-05-11 23:07:17.626] [error] Mode: Unable to receive IPC header
[2024-05-11 23:07:17.626] [error] Mode: Unable to receive IPC header
[2024-05-11 23:07:17.626] [error] Mode: Unable to receive IPC header
[2024-05-11 23:07:17.626] [error] Mode: Unable to receive IPC header
[2024-05-11 23:07:17.626] [error] Mode: Unable to receive IPC header
[2024-05-11 23:07:17.626] [error] Mode: Unable to receive IPC header
[2024-05-11 23:07:17.626] [error] Mode: Unable to receive IPC header
[2024-05-11 23:07:17.626] [error] Mode: Unable to receive IPC header
[2024-05-11 23:07:17.626] [error] Mode: Unable to receive IPC header
[2024-05-11 23:07:17.626] [error] Mode: Unable to receive IPC header
[2024-05-11 23:07:17.626] [error] Mode: Unable to receive IPC header
[2024-05-11 23:07:17.626] [error] Mode: Unable to receive IPC header
[2024-05-11 23:07:17.626] [error] Mode: Unable to receive IPC header
[2024-05-11 23:07:17.626] [error] Mode: Unable to receive IPC header
[2024-05-11 23:07:17.626] [error] Mode: Unable to receive IPC header
[2024-05-11 23:07:17.626] [error] Mode: Unable to receive IPC header
[2024-05-11 23:07:17.626] [error] Mode: Unable to receive IPC header
[2024-05-11 23:07:17.626] [error] Mode: Unable to receive IPC header
[2024-05-11 23:07:17.626] [error] Mode: Unable to receive IPC header
[2024-05-11 23:07:17.626] [error] Mode: Unable to receive IPC header
[2024-05-11 23:07:17.626] [error] Mode: Unable to receive IPC header
[2024-05-11 23:07:17.626] [error] Mode: Unable to receive IPC header
[2024-05-11 23:07:17.626] [error] Mode: Unable to receive IPC header
[2024-05-11 23:07:17.626] [error] Mode: Unable to receive IPC header
[2024-05-11 23:07:17.626] [error] Mode: Unable to receive IPC header
[2024-05-11 23:07:17.626] [error] Mode: Unable to receive IPC header
[2024-05-11 23:07:17.626] [error] Mode: Unable to receive IPC header
[2024-05-11 23:07:17.626] [error] Mode: Unable to receive IPC header
[2024-05-11 23:07:17.626] [error] Mode: Unable to receive IPC header
[2024-05-11 23:07:17.626] [error] Mode: Unable to receive IPC header
[2024-05-11 23:07:17.626] [error] Mode: Unable to receive IPC header
[2024-05-11 23:07:17.626] [error] Mode: Unable to receive IPC header
[2024-05-11 23:07:17.626] [error] Mode: Unable to receive IPC header
[2024-05-11 23:07:17.626] [error] Mode: Unable to receive IPC header
[2024-05-11 23:07:17.626] [error] Mode: Unable to receive IPC header
[2024-05-11 23:07:17.626] [error] Mode: Unable to receive IPC header
[2024-05-11 23:07:17.626] [error] Mode: Unable to receive IPC header
[2024-05-11 23:07:17.626] [error] Mode: Unable to receive IPC header
[2024-05-11 23:07:17.626] [error] Mode: Unable to receive IPC header
[2024-05-11 23:07:17.626] [error] Mode: Unable to receive IPC header
[2024-05-11 23:07:17.626] [error] Mode: Unable to receive IPC header
[2024-05-11 23:07:17.626] [error] Mode: Unable to receive IPC header
[2024-05-11 23:07:17.626] [error] Mode: Unable to receive IPC header
[2024-05-11 23:07:17.626] [error] Mode: Unable to receive IPC header
[2024-05-11 23:07:17.626] [error] Mode: Unable to receive IPC header
[2024-05-11 23:07:17.626] [error] Mode: Unable to receive IPC header
[2024-05-11 23:07:17.626] [error] Mode: Unable to receive IPC header
[2024-05-11 23:07:17.626] [error] Mode: Unable to receive IPC header
[2024-05-11 23:07:17.626] [error] Mode: Unable to receive IPC header
[2024-05-11 23:07:17.626] [error] Mode: Unable to receive IPC header
[2024-05-11 23:07:17.626] [error] Mode: Unable to receive IPC header
[2024-05-11 23:07:17.626] [error] Mode: Unable to receive IPC header
[2024-05-11 23:07:17.626] [error] Mode: Unable to receive IPC header
[2024-05-11 23:07:17.626] [error] Mode: Unable to receive IPC header
[2024-05-11 23:07:17.626] [error] Mode: Unable to receive IPC header
[2024-05-11 23:07:17.626] [error] Mode: Unable to receive IPC header
[2024-05-11 23:07:17.626] [error] Mode: Unable to receive IPC header
[2024-05-11 23:07:17.626] [error] Mode: Unable to receive IPC header
[2024-05-11 23:07:17.626] [error] Mode: Unable to receive IPC header
[2024-05-11 23:07:17.626] [error] Mode: Unable to receive IPC header
[2024-05-11 23:07:17.626] [error] Mode: Unable to receive IPC header
[2024-05-11 23:07:17.626] [error] Mode: Unable to receive IPC header
[2024-05-11 23:07:17.626] [error] Mode: Unable to receive IPC header
[2024-05-11 23:07:17.626] [error] Mode: Unable to receive IPC header
[2024-05-11 23:07:17.626] [error] Mode: Unable to receive IPC header
[2024-05-11 23:07:17.626] [error] Mode: Unable to receive IPC header
[2024-05-11 23:07:17.626] [error] Mode: Unable to receive IPC header
[2024-05-11 23:07:17.626] [error] Mode: Unable to receive IPC header
[2024-05-11 23:07:17.626] [error] Mode: Unable to receive IPC header
[2024-05-11 23:07:17.626] [error] Mode: Unable to receive IPC header
[2024-05-11 23:07:17.626] [error] Mode: Unable to receive IPC header
[2024-05-11 23:07:17.626] [error] Mode: Unable to receive IPC header
[2024-05-11 23:07:17.626] [error] Mode: Unable to receive IPC header
[2024-05-11 23:07:17.626] [error] Mode: Unable to receive IPC header
[2024-05-11 23:07:17.626] [error] Mode: Unable to receive IPC header
[2024-05-11 23:07:17.626] [error] Mode: Unable to receive IPC header
[2024-05-11 23:07:17.626] [error] Mode: Unable to receive IPC header
[2024-05-11 23:07:17.626] [error] Mode: Unable to receive IPC header
[2024-05-11 23:07:17.626] [error] Mode: Unable to receive IPC header
[2024-05-11 23:07:17.626] [error] Mode: Unable to receive IPC header
[2024-05-11 23:07:17.626] [error] Mode: Unable to receive IPC header
[2024-05-11 23:07:17.626] [error] Mode: Unable to receive IPC header
[2024-05-11 23:07:17.626] [error] Mode: Unable to receive IPC header
[2024-05-11 23:07:17.626] [error] Mode: Unable to receive IPC header
[2024-05-11 23:07:17.626] [error] Mode: Unable to receive IPC header
Gdk-Message: 23:07:17.626: Lost connection to Wayland compositor.
